0 info it worked if it ends with ok
1 verbose cli [ 'C:\\Program Files\\nodejs\\\\node.exe',
1 verbose cli   'C:\\Program Files\\nodejs\\node_modules\\npm\\bin\\npm-cli.js',
1 verbose cli   'install' ]
2 info using npm@1.3.8
3 info using node@v0.10.16
4 verbose node symlink C:\Program Files\nodejs\\node.exe
5 verbose readDependencies using package.json deps
6 verbose install where, deps [ 'E:\\代码\\wanghaisheng.github.io',
6 verbose install   [ 'hexo-renderer-ejs',
6 verbose install     'hexo-renderer-stylus',
6 verbose install     'hexo-renderer-marked' ] ]
7 info preinstall hexo-site@2.7.1
8 verbose readDependencies using package.json deps
9 verbose cache add [ 'hexo-renderer-ejs@*', null ]
10 verbose cache add name=undefined spec="hexo-renderer-ejs@*" args=["hexo-renderer-ejs@*",null]
11 verbose parsed url { protocol: null,
11 verbose parsed url   slashes: null,
11 verbose parsed url   auth: null,
11 verbose parsed url   host: null,
11 verbose parsed url   port: null,
11 verbose parsed url   hostname: null,
11 verbose parsed url   hash: null,
11 verbose parsed url   search: null,
11 verbose parsed url   query: null,
11 verbose parsed url   pathname: 'hexo-renderer-ejs@*',
11 verbose parsed url   path: 'hexo-renderer-ejs@*',
11 verbose parsed url   href: 'hexo-renderer-ejs@*' }
12 verbose cache add name="hexo-renderer-ejs" spec="*" args=["hexo-renderer-ejs","*"]
13 verbose parsed url { protocol: null,
13 verbose parsed url   slashes: null,
13 verbose parsed url   auth: null,
13 verbose parsed url   host: null,
13 verbose parsed url   port: null,
13 verbose parsed url   hostname: null,
13 verbose parsed url   hash: null,
13 verbose parsed url   search: null,
13 verbose parsed url   query: null,
13 verbose parsed url   pathname: '*',
13 verbose parsed url   path: '*',
13 verbose parsed url   href: '*' }
14 verbose addNamed [ 'hexo-renderer-ejs', '*' ]
15 verbose addNamed [ null, '*' ]
16 verbose cache add [ 'hexo-renderer-stylus@*', null ]
17 verbose cache add name=undefined spec="hexo-renderer-stylus@*" args=["hexo-renderer-stylus@*",null]
18 verbose parsed url { protocol: null,
18 verbose parsed url   slashes: null,
18 verbose parsed url   auth: null,
18 verbose parsed url   host: null,
18 verbose parsed url   port: null,
18 verbose parsed url   hostname: null,
18 verbose parsed url   hash: null,
18 verbose parsed url   search: null,
18 verbose parsed url   query: null,
18 verbose parsed url   pathname: 'hexo-renderer-stylus@*',
18 verbose parsed url   path: 'hexo-renderer-stylus@*',
18 verbose parsed url   href: 'hexo-renderer-stylus@*' }
19 verbose cache add name="hexo-renderer-stylus" spec="*" args=["hexo-renderer-stylus","*"]
20 verbose parsed url { protocol: null,
20 verbose parsed url   slashes: null,
20 verbose parsed url   auth: null,
20 verbose parsed url   host: null,
20 verbose parsed url   port: null,
20 verbose parsed url   hostname: null,
20 verbose parsed url   hash: null,
20 verbose parsed url   search: null,
20 verbose parsed url   query: null,
20 verbose parsed url   pathname: '*',
20 verbose parsed url   path: '*',
20 verbose parsed url   href: '*' }
21 verbose addNamed [ 'hexo-renderer-stylus', '*' ]
22 verbose addNamed [ null, '*' ]
23 verbose cache add [ 'hexo-renderer-marked@*', null ]
24 verbose cache add name=undefined spec="hexo-renderer-marked@*" args=["hexo-renderer-marked@*",null]
25 verbose parsed url { protocol: null,
25 verbose parsed url   slashes: null,
25 verbose parsed url   auth: null,
25 verbose parsed url   host: null,
25 verbose parsed url   port: null,
25 verbose parsed url   hostname: null,
25 verbose parsed url   hash: null,
25 verbose parsed url   search: null,
25 verbose parsed url   query: null,
25 verbose parsed url   pathname: 'hexo-renderer-marked@*',
25 verbose parsed url   path: 'hexo-renderer-marked@*',
25 verbose parsed url   href: 'hexo-renderer-marked@*' }
26 verbose cache add name="hexo-renderer-marked" spec="*" args=["hexo-renderer-marked","*"]
27 verbose parsed url { protocol: null,
27 verbose parsed url   slashes: null,
27 verbose parsed url   auth: null,
27 verbose parsed url   host: null,
27 verbose parsed url   port: null,
27 verbose parsed url   hostname: null,
27 verbose parsed url   hash: null,
27 verbose parsed url   search: null,
27 verbose parsed url   query: null,
27 verbose parsed url   pathname: '*',
27 verbose parsed url   path: '*',
27 verbose parsed url   href: '*' }
28 verbose addNamed [ 'hexo-renderer-marked', '*' ]
29 verbose addNamed [ null, '*' ]
30 silly lockFile b3653f8d-hexo-renderer-ejs hexo-renderer-ejs@*
31 verbose lock hexo-renderer-ejs@* D:\Users\Administrator\AppData\Roaming\npm-cache\b3653f8d-hexo-renderer-ejs.lock
32 silly lockFile c34a33e1-hexo-renderer-stylus hexo-renderer-stylus@*
33 verbose lock hexo-renderer-stylus@* D:\Users\Administrator\AppData\Roaming\npm-cache\c34a33e1-hexo-renderer-stylus.lock
34 silly lockFile 377509ff-hexo-renderer-marked hexo-renderer-marked@*
35 verbose lock hexo-renderer-marked@* D:\Users\Administrator\AppData\Roaming\npm-cache\377509ff-hexo-renderer-marked.lock
36 silly addNameRange { name: 'hexo-renderer-marked', range: '*', hasData: false }
37 silly addNameRange { name: 'hexo-renderer-ejs', range: '*', hasData: false }
38 silly addNameRange { name: 'hexo-renderer-stylus', range: '*', hasData: false }
39 verbose url raw hexo-renderer-marked
40 verbose url resolving [ 'http://registry.cnpmjs.org/', './hexo-renderer-marked' ]
41 verbose url resolved http://registry.cnpmjs.org/hexo-renderer-marked
42 info trying registry request attempt 1 at 19:39:50
43 http GET http://registry.cnpmjs.org/hexo-renderer-marked
44 verbose url raw hexo-renderer-ejs
45 verbose url resolving [ 'http://registry.cnpmjs.org/', './hexo-renderer-ejs' ]
46 verbose url resolved http://registry.cnpmjs.org/hexo-renderer-ejs
47 info trying registry request attempt 1 at 19:39:50
48 http GET http://registry.cnpmjs.org/hexo-renderer-ejs
49 verbose url raw hexo-renderer-stylus
50 verbose url resolving [ 'http://registry.cnpmjs.org/', './hexo-renderer-stylus' ]
51 verbose url resolved http://registry.cnpmjs.org/hexo-renderer-stylus
52 info trying registry request attempt 1 at 19:39:50
53 http GET http://registry.cnpmjs.org/hexo-renderer-stylus
54 info retry will retry, error on last attempt: Error: connect ETIMEDOUT
55 info retry will retry, error on last attempt: Error: connect ETIMEDOUT
56 info retry will retry, error on last attempt: Error: connect ETIMEDOUT
57 info trying registry request attempt 2 at 19:40:21
58 http GET http://registry.cnpmjs.org/hexo-renderer-marked
59 info trying registry request attempt 2 at 19:40:21
60 http GET http://registry.cnpmjs.org/hexo-renderer-ejs
61 info trying registry request attempt 2 at 19:40:21
62 http GET http://registry.cnpmjs.org/hexo-renderer-stylus
63 info retry will retry, error on last attempt: Error: connect ETIMEDOUT
64 info retry will retry, error on last attempt: Error: connect ETIMEDOUT
65 info retry will retry, error on last attempt: Error: connect ETIMEDOUT
66 info trying registry request attempt 3 at 19:41:42
67 http GET http://registry.cnpmjs.org/hexo-renderer-ejs
68 info trying registry request attempt 3 at 19:41:42
69 http GET http://registry.cnpmjs.org/hexo-renderer-marked
70 info trying registry request attempt 3 at 19:41:42
71 http GET http://registry.cnpmjs.org/hexo-renderer-stylus
72 silly lockFile b3653f8d-hexo-renderer-ejs hexo-renderer-ejs@*
73 silly lockFile b3653f8d-hexo-renderer-ejs hexo-renderer-ejs@*
74 error network connect ETIMEDOUT
74 error network This is most likely not a problem with npm itself
74 error network and is related to network connectivity.
74 error network In most cases you are behind a proxy or have bad network settings.
74 error network
74 error network If you are behind a proxy, please make sure that the
74 error network 'proxy' config is set properly.  See: 'npm help config'
75 error System Windows_NT 6.1.7601
76 error command "C:\\Program Files\\nodejs\\\\node.exe" "C:\\Program Files\\nodejs\\node_modules\\npm\\bin\\npm-cli.js" "install"
77 error cwd E:\代码\wanghaisheng.github.io
78 error node -v v0.10.16
79 error npm -v 1.3.8
80 error syscall connect
81 error code ETIMEDOUT
82 error errno ETIMEDOUT
83 verbose exit [ 1, true ]
